<?xml version="1.0" encoding="UTF-8"?>
<!-- Generated by org.testng.reporters.JUnitReportReporter -->
<testsuite hostname="DESKTOP-LVBKE3A" failures="0" tests="2" name="com.supermarket.testts.LogOutTest" time="36.544" errors="0" timestamp="2023-02-08T07:29:01 IST" skipped="0">
  <testcase classname="com.supermarket.testts.LogOutTest" name="verifyAdmin" time="20.830"/>
  <system-out/>
  <testcase classname="com.supermarket.testts.LogOutTest" name="verifyLogOutOption" time="15.714"/>
  <system-out/>
</testsuite> <!-- com.supermarket.testts.LogOutTest -->
