<?xml version="1.0" encoding="UTF-8"?>
<!-- Generated by org.testng.reporters.JUnitReportReporter -->
<testsuite hostname="DESKTOP-LVBKE3A" failures="0" tests="1" name="com.supermarket.testts.PushNotificationTest" time="14.577" errors="0" timestamp="27 Feb 2023 08:25:22 GMT" skipped="0">
  <testcase classname="com.supermarket.testts.PushNotificationTest" name="verifyWhetherUserIsAbleToEnterPushNotificationInformation" time="14.577"/>
</testsuite> <!-- com.supermarket.testts.PushNotificationTest -->
