<?xml version="1.0" encoding="UTF-8"?>
<!-- Generated by org.testng.reporters.JUnitReportReporter -->
<testsuite hostname="DESKTOP-LVBKE3A" failures="0" tests="1" name="com.supermarket.testts.LoginTest" time="57.051" errors="0" timestamp="01 Mar 2023 02:22:50 GMT" skipped="0">
  <testcase classname="com.supermarket.testts.LoginTest" name="verifyLogin" time="57.051"/>
</testsuite> <!-- com.supermarket.testts.LoginTest -->
