<?xml version="1.0" encoding="UTF-8"?>
<!-- Generated by org.testng.reporters.JUnitReportReporter -->
<testsuite hostname="DESKTOP-LVBKE3A" failures="0" tests="1" name="com.supermarket.testts.ManageUsersTest" time="18.966" errors="0" timestamp="02 Mar 2023 09:59:54 GMT" skipped="0">
  <testcase classname="com.supermarket.testts.ManageUsersTest" name="verifyWhetherUsersNameCanSearch" time="18.966"/>
</testsuite> <!-- com.supermarket.testts.ManageUsersTest -->
