<?xml version="1.0" encoding="UTF-8"?>
<!-- Generated by org.testng.reporters.JUnitReportReporter -->
<testsuite hostname="DESKTOP-LVBKE3A" failures="0" tests="1" name="com.supermarket.testts.PushNotificationTest" time="17.802" errors="0" timestamp="02 Mar 2023 10:02:13 GMT" skipped="0">
  <testcase classname="com.supermarket.testts.PushNotificationTest" name="verifyWhetherUserIsAbleToEnterPushNotificationInformation" time="17.802"/>
</testsuite> <!-- com.supermarket.testts.PushNotificationTest -->
