<?xml version="1.0" encoding="UTF-8"?>
<!-- Generated by org.testng.reporters.JUnitReportReporter -->
<testsuite hostname="DESKTOP-LVBKE3A" failures="0" tests="1" name="com.supermarket.testts.ManagePaymentMethodTest" time="15.803" errors="0" timestamp="27 Feb 2023 08:28:39 GMT" skipped="0">
  <testcase classname="com.supermarket.testts.ManagePaymentMethodTest" name="verify_PaymentUpdate" time="15.803"/>
</testsuite> <!-- com.supermarket.testts.ManagePaymentMethodTest -->
