<?xml version="1.0" encoding="UTF-8"?>
<!-- Generated by org.testng.reporters.JUnitReportReporter -->
<testsuite hostname="DESKTOP-LVBKE3A" failures="0" tests="1" name="com.supermarket.testts.ManageUsersTest" time="14.904" errors="0" timestamp="01 Mar 2023 13:32:43 GMT" skipped="0">
  <testcase classname="com.supermarket.testts.ManageUsersTest" name="verifySearch" time="14.904"/>
</testsuite> <!-- com.supermarket.testts.ManageUsersTest -->
