<?xml version="1.0" encoding="UTF-8"?>
<!-- Generated by org.testng.reporters.JUnitReportReporter -->
<testsuite hostname="DESKTOP-LVBKE3A" failures="0" tests="1" name="com.supermarket.testts.ManageExpenseTest" time="7.419" errors="0" timestamp="23 Feb 2023 01:35:21 GMT" skipped="0">
  <testcase classname="com.supermarket.testts.ManageExpenseTest" name="verifyWhetherAnExpeneCanBeDeleted" time="7.419"/>
</testsuite> <!-- com.supermarket.testts.ManageExpenseTest -->
